{"/home/dev/Desktop/boo-oong/dsc-auth/lib/index.js": {"path":"/home/dev/Desktop/boo-oong/dsc-auth/lib/index.js","statementMap":{"0":{"start":{"line":2,"column":22},"end":{"line":4,"column":1}},"1":{"start":{"line":3,"column":4},"end":{"line":3,"column":62}},"2":{"start":{"line":5,"column":0},"end":{"line":5,"column":62}},"3":{"start":{"line":6,"column":0},"end":{"line":6,"column":24}},"4":{"start":{"line":7,"column":16},"end":{"line":7,"column":49}},"5":{"start":{"line":9,"column":20},"end":{"line":9,"column":22}},"6":{"start":{"line":12,"column":8},"end":{"line":12,"column":56}},"7":{"start":{"line":15,"column":31},"end":{"line":15,"column":36}},"8":{"start":{"line":16,"column":8},"end":{"line":16,"column":64}},"9":{"start":{"line":17,"column":8},"end":{"line":18,"column":48}},"10":{"start":{"line":21,"column":8},"end":{"line":21,"column":88}},"11":{"start":{"line":24,"column":20},"end":{"line":24,"column":28}},"12":{"start":{"line":25,"column":8},"end":{"line":35,"column":9}},"13":{"start":{"line":26,"column":24},"end":{"line":28,"column":14}},"14":{"start":{"line":29,"column":12},"end":{"line":29,"column":45}},"15":{"start":{"line":30,"column":12},"end":{"line":30,"column":50}},"16":{"start":{"line":31,"column":12},"end":{"line":31,"column":28}},"17":{"start":{"line":34,"column":12},"end":{"line":34,"column":39}},"18":{"start":{"line":38,"column":20},"end":{"line":38,"column":35}},"19":{"start":{"line":39,"column":8},"end":{"line":48,"column":9}},"20":{"start":{"line":40,"column":24},"end":{"line":42,"column":14}},"21":{"start":{"line":43,"column":12},"end":{"line":43,"column":45}},"22":{"start":{"line":44,"column":12},"end":{"line":44,"column":28}},"23":{"start":{"line":47,"column":12},"end":{"line":47,"column":39}},"24":{"start":{"line":51,"column":20},"end":{"line":51,"column":34}},"25":{"start":{"line":52,"column":8},"end":{"line":61,"column":9}},"26":{"start":{"line":53,"column":24},"end":{"line":55,"column":14}},"27":{"start":{"line":56,"column":12},"end":{"line":56,"column":45}},"28":{"start":{"line":57,"column":12},"end":{"line":57,"column":28}},"29":{"start":{"line":60,"column":12},"end":{"line":60,"column":39}},"30":{"start":{"line":64,"column":20},"end":{"line":64,"column":31}},"31":{"start":{"line":65,"column":8},"end":{"line":71,"column":9}},"32":{"start":{"line":66,"column":24},"end":{"line":66,"column":65}},"33":{"start":{"line":67,"column":12},"end":{"line":67,"column":28}},"34":{"start":{"line":70,"column":12},"end":{"line":70,"column":39}},"35":{"start":{"line":74,"column":20},"end":{"line":74,"column":30}},"36":{"start":{"line":75,"column":8},"end":{"line":82,"column":9}},"37":{"start":{"line":76,"column":12},"end":{"line":76,"column":53}},"38":{"start":{"line":77,"column":24},"end":{"line":77,"column":57}},"39":{"start":{"line":78,"column":12},"end":{"line":78,"column":28}},"40":{"start":{"line":81,"column":12},"end":{"line":81,"column":39}},"41":{"start":{"line":85,"column":20},"end":{"line":85,"column":30}},"42":{"start":{"line":86,"column":8},"end":{"line":92,"column":9}},"43":{"start":{"line":87,"column":24},"end":{"line":87,"column":66}},"44":{"start":{"line":88,"column":12},"end":{"line":88,"column":28}},"45":{"start":{"line":91,"column":12},"end":{"line":91,"column":39}},"46":{"start":{"line":95,"column":20},"end":{"line":95,"column":36}},"47":{"start":{"line":96,"column":8},"end":{"line":104,"column":9}},"48":{"start":{"line":97,"column":24},"end":{"line":99,"column":14}},"49":{"start":{"line":100,"column":12},"end":{"line":100,"column":28}},"50":{"start":{"line":103,"column":12},"end":{"line":103,"column":39}},"51":{"start":{"line":107,"column":0},"end":{"line":107,"column":24}}},"fnMap":{"0":{"name":"(anonymous_0)","decl":{"start":{"line":2,"column":56},"end":{"line":2,"column":57}},"loc":{"start":{"line":2,"column":71},"end":{"line":4,"column":1}},"line":2},"1":{"name":"(anonymous_1)","decl":{"start":{"line":11,"column":4},"end":{"line":11,"column":5}},"loc":{"start":{"line":11,"column":18},"end":{"line":13,"column":5}},"line":11},"2":{"name":"(anonymous_2)","decl":{"start":{"line":14,"column":4},"end":{"line":14,"column":5}},"loc":{"start":{"line":14,"column":16},"end":{"line":19,"column":5}},"line":14},"3":{"name":"(anonymous_3)","decl":{"start":{"line":20,"column":4},"end":{"line":20,"column":5}},"loc":{"start":{"line":20,"column":21},"end":{"line":22,"column":5}},"line":20},"4":{"name":"(anonymous_4)","decl":{"start":{"line":23,"column":4},"end":{"line":23,"column":5}},"loc":{"start":{"line":23,"column":23},"end":{"line":36,"column":5}},"line":23},"5":{"name":"(anonymous_5)","decl":{"start":{"line":37,"column":4},"end":{"line":37,"column":5}},"loc":{"start":{"line":37,"column":29},"end":{"line":49,"column":5}},"line":37},"6":{"name":"(anonymous_6)","decl":{"start":{"line":50,"column":4},"end":{"line":50,"column":5}},"loc":{"start":{"line":50,"column":28},"end":{"line":62,"column":5}},"line":50},"7":{"name":"(anonymous_7)","decl":{"start":{"line":63,"column":4},"end":{"line":63,"column":5}},"loc":{"start":{"line":63,"column":26},"end":{"line":72,"column":5}},"line":63},"8":{"name":"(anonymous_8)","decl":{"start":{"line":73,"column":4},"end":{"line":73,"column":5}},"loc":{"start":{"line":73,"column":23},"end":{"line":83,"column":5}},"line":73},"9":{"name":"(anonymous_9)","decl":{"start":{"line":84,"column":4},"end":{"line":84,"column":5}},"loc":{"start":{"line":84,"column":31},"end":{"line":93,"column":5}},"line":84},"10":{"name":"(anonymous_10)","decl":{"start":{"line":94,"column":4},"end":{"line":94,"column":5}},"loc":{"start":{"line":94,"column":25},"end":{"line":105,"column":5}},"line":94}},"branchMap":{"0":{"loc":{"start":{"line":2,"column":22},"end":{"line":4,"column":1}},"type":"binary-expr","locations":[{"start":{"line":2,"column":23},"end":{"line":2,"column":27}},{"start":{"line":2,"column":31},"end":{"line":2,"column":51}},{"start":{"line":2,"column":56},"end":{"line":4,"column":1}}],"line":2},"1":{"loc":{"start":{"line":3,"column":11},"end":{"line":3,"column":61}},"type":"cond-expr","locations":[{"start":{"line":3,"column":37},"end":{"line":3,"column":40}},{"start":{"line":3,"column":43},"end":{"line":3,"column":61}}],"line":3},"2":{"loc":{"start":{"line":3,"column":12},"end":{"line":3,"column":33}},"type":"binary-expr","locations":[{"start":{"line":3,"column":12},"end":{"line":3,"column":15}},{"start":{"line":3,"column":19},"end":{"line":3,"column":33}}],"line":3}},"s":{"0":1,"1":1,"2":1,"3":1,"4":1,"5":1,"6":1,"7":1,"8":1,"9":1,"10":1,"11":2,"12":2,"13":2,"14":1,"15":1,"16":1,"17":1,"18":2,"19":2,"20":2,"21":0,"22":0,"23":2,"24":2,"25":2,"26":2,"27":0,"28":0,"29":2,"30":2,"31":2,"32":2,"33":1,"34":1,"35":1,"36":1,"37":1,"38":1,"39":1,"40":0,"41":1,"42":1,"43":1,"44":1,"45":0,"46":1,"47":1,"48":1,"49":1,"50":0,"51":1},"f":{"0":1,"1":1,"2":1,"3":1,"4":2,"5":2,"6":2,"7":2,"8":1,"9":1,"10":1},"b":{"0":[1,1,1],"1":[0,1],"2":[1,1]},"inputSourceMap":null,"_coverageSchema":"1a1c01bbd47fc00a2c39e90264f33305004495a9","hash":"7d4395258410700d4bc9836d457c744b5e2cd778"}
}
