TN:
SF:lib/index.js
FN:2,(anonymous_0)
FN:11,(anonymous_1)
FN:14,(anonymous_2)
FN:20,(anonymous_3)
FN:23,(anonymous_4)
FN:37,(anonymous_5)
FN:50,(anonymous_6)
FN:63,(anonymous_7)
FN:73,(anonymous_8)
FN:84,(anonymous_9)
FN:94,(anonymous_10)
FNF:11
FNH:11
FNDA:1,(anonymous_0)
FNDA:1,(anonymous_1)
FNDA:1,(anonymous_2)
FNDA:1,(anonymous_3)
FNDA:2,(anonymous_4)
FNDA:2,(anonymous_5)
FNDA:2,(anonymous_6)
FNDA:2,(anonymous_7)
FNDA:1,(anonymous_8)
FNDA:1,(anonymous_9)
FNDA:1,(anonymous_10)
DA:2,1
DA:3,1
DA:5,1
DA:6,1
DA:7,1
DA:9,1
DA:12,1
DA:15,1
DA:16,1
DA:17,1
DA:21,1
DA:24,2
DA:25,2
DA:26,2
DA:29,1
DA:30,1
DA:31,1
DA:34,1
DA:38,2
DA:39,2
DA:40,2
DA:43,0
DA:44,0
DA:47,2
DA:51,2
DA:52,2
DA:53,2
DA:56,0
DA:57,0
DA:60,2
DA:64,2
DA:65,2
DA:66,2
DA:67,1
DA:70,1
DA:74,1
DA:75,1
DA:76,1
DA:77,1
DA:78,1
DA:81,0
DA:85,1
DA:86,1
DA:87,1
DA:88,1
DA:91,0
DA:95,1
DA:96,1
DA:97,1
DA:100,1
DA:103,0
DA:107,1
LF:52
LH:45
BRDA:2,0,0,1
BRDA:2,0,1,1
BRDA:2,0,2,1
BRDA:3,1,0,0
BRDA:3,1,1,1
BRDA:3,2,0,1
BRDA:3,2,1,1
BRF:7
BRH:6
end_of_record
